<?xml version="1.0" encoding="UTF-8"?>
<!-- Generated by org.testng.reporters.JUnitReportReporter -->
<testsuite skipped="0" hostname="DESKTOP-HR7VV8F" name="automation.testng" tests="1" failures="0" timestamp="2021-06-04T17:23:34 CST" time="0.005" errors="0">
  <testcase name="testa4" time="0.005" classname="automation.testng"/>
</testsuite> <!-- automation.testng -->
